<?xml version="1.0" encoding="UTF-8"?>
<!-- Generated by org.testng.reporters.JUnitReportReporter -->
<testsuite skipped="0" hostname="SGZ-IN01073" name="runner.TestRunner" tests="1" failures="0" timestamp="05 Oct 2020 09:07:12 GMT" time="0.433" errors="0">
  <testcase name="feature" time="0.433" classname="runner.TestRunner"/>
</testsuite> <!-- runner.TestRunner -->
